<?xml version="1.0" encoding="UTF-8"?>
<testsuite xmlns:xsi="http://www.w3.org/2001/XMLSchema-instance" xsi:noNamespaceSchemaLocation="https://maven.apache.org/surefire/maven-surefire-plugin/xsd/surefire-test-report-3.0.xsd" version="3.0" name="org.opensips.cli.OpenSIPSCLITest" time="0.2" tests="4" errors="0" skipped="0" failures="0">
  <properties>
[...]
</properties>
  <testcase name="testMICommand" classname="org.opensips.cli.OpenSIPSCLITest" time="0.184"/>
  <testcase name="testConfiguration" classname="org.opensips.cli.OpenSIPSCLITest" time="0.001"/>
  <testcase name="testVersion" classname="org.opensips.cli.OpenSIPSCLITest" time="0.001"/>
  <testcase name="testModuleManager" classname="org.opensips.cli.OpenSIPSCLITest" time="0.001"/>
</testsuite>